#                                                               --- full sequence ---- --- best 1 domain ---- --- domain number estimation ----
# target name        accession  query name           accession    E-value  score  bias   E-value  score  bias   exp reg clu  ov env dom rep inc description of target
#------------------- ---------- -------------------- ---------- --------- ------ ----- --------- ------ -----   --- --- --- --- --- --- --- --- ---------------------
SST_KIJ25111.1       -          Hydrophobin          PF01185.19   1.6e-30   98.8  10.0     2e-30   98.5  10.0   1.1   1   0   0   1   1   1   1 -
SST_KIJ28121.1       -          Hydrophobin          PF01185.19   5.1e-30   97.2  11.7     6e-30   96.9  11.7   1.1   1   0   0   1   1   1   1 -
SST_KIJ25109.1       -          Hydrophobin          PF01185.19   6.9e-30   96.8   9.8   7.7e-30   96.6   9.8   1.0   1   0   0   1   1   1   1 -
SST_KIJ48522.1       -          Hydrophobin          PF01185.19   8.5e-30   96.5  10.7   9.5e-30   96.3  10.7   1.0   1   0   0   1   1   1   1 -
SST_KIJ28120.1       -          Hydrophobin          PF01185.19   8.5e-30   96.5  11.3     1e-29   96.2  11.3   1.1   1   0   0   1   1   1   1 -
SST_KIJ25024.1       -          Hydrophobin          PF01185.19   9.6e-30   96.3  10.4   1.1e-29   96.2  10.4   1.0   1   0   0   1   1   1   1 -
SST_KIJ38668.1       -          Hydrophobin          PF01185.19   1.2e-29   96.0  10.2   1.2e-29   96.0  10.2   1.4   2   0   0   2   2   1   1 -
SST_KIJ28295.1       -          Hydrophobin          PF01185.19   1.4e-29   95.7  10.4   1.9e-29   95.4  10.4   1.1   1   0   0   1   1   1   1 -
SST_KIJ48250.1       -          Hydrophobin          PF01185.19   1.6e-29   95.6   9.7   1.8e-29   95.4   9.7   1.0   1   0   0   1   1   1   1 -
SST_KIJ38284.1       -          Hydrophobin          PF01185.19   1.6e-29   95.6   9.5   1.9e-29   95.4   9.5   1.1   1   0   0   1   1   1   1 -
SST_KIJ48496.1       -          Hydrophobin          PF01185.19   2.9e-29   94.8  10.4   3.2e-29   94.6  10.4   1.0   1   0   0   1   1   1   1 -
SST_KIJ48517.1       -          Hydrophobin          PF01185.19   3.5e-29   94.5  12.8     4e-29   94.3  12.8   1.0   1   0   0   1   1   1   1 -
SST_KIJ48500.1       -          Hydrophobin          PF01185.19   4.3e-29   94.2  12.2   4.9e-29   94.0  12.2   1.0   1   0   0   1   1   1   1 -
SST_KIJ43887.1       -          Hydrophobin          PF01185.19   4.3e-29   94.2   7.6   4.7e-29   94.1   7.6   1.0   1   0   0   1   1   1   1 -
SST_KIJ48247.1       -          Hydrophobin          PF01185.19   4.5e-29   94.1   9.9     5e-29   94.0   9.9   1.0   1   0   0   1   1   1   1 -
SST_KIJ38679.1       -          Hydrophobin          PF01185.19   4.5e-29   94.1   7.0   4.9e-29   94.0   7.0   1.0   1   0   0   1   1   1   1 -
SST_KIJ28123.1       -          Hydrophobin          PF01185.19   4.5e-29   94.1  10.1   5.4e-29   93.9  10.1   1.1   1   0   0   1   1   1   1 -
SST_KIJ28119.1       -          Hydrophobin          PF01185.19   4.7e-29   94.1  10.0   5.6e-29   93.8  10.0   1.1   1   0   0   1   1   1   1 -
SST_KIJ28430.1       -          Hydrophobin          PF01185.19   4.8e-29   94.1  10.1   5.3e-29   93.9  10.1   1.0   1   0   0   1   1   1   1 -
SST_KIJ25844.1       -          Hydrophobin          PF01185.19     5e-29   94.0  12.6   5.7e-29   93.8  12.6   1.0   1   0   0   1   1   1   1 -
SST_KIJ29213.1       -          Hydrophobin          PF01185.19   5.1e-29   94.0   9.1   6.1e-29   93.7   9.1   1.1   1   0   0   1   1   1   1 -
SST_KIJ38285.1       -          Hydrophobin          PF01185.19   5.1e-29   94.0  10.7   6.3e-29   93.7  10.7   1.1   1   0   0   1   1   1   1 -
SST_KIJ25837.1       -          Hydrophobin          PF01185.19   5.2e-29   94.0  11.3   5.9e-29   93.8  11.3   1.0   1   0   0   1   1   1   1 -
SST_KIJ25107.1       -          Hydrophobin          PF01185.19   5.4e-29   93.9  10.3   6.4e-29   93.7  10.3   1.1   1   0   0   1   1   1   1 -
SST_KIJ48249.1       -          Hydrophobin          PF01185.19   6.9e-29   93.6  11.5   7.9e-29   93.4  11.5   1.0   1   0   0   1   1   1   1 -
SST_KIJ41341.1       -          Hydrophobin          PF01185.19   7.7e-29   93.4   9.9   8.5e-29   93.3   9.9   1.0   1   0   0   1   1   1   1 -
SST_KIJ38682.1       -          Hydrophobin          PF01185.19   8.3e-29   93.3  10.3   8.3e-29   93.3  10.3   1.5   2   0   0   2   2   1   1 -
SST_KIJ25836.1       -          Hydrophobin          PF01185.19   8.4e-29   93.3  11.1     1e-28   93.0  11.1   1.1   1   0   0   1   1   1   1 -
SST_KIJ33387.1       -          Hydrophobin          PF01185.19   9.4e-29   93.1  10.8     1e-28   93.0  10.8   1.0   1   0   0   1   1   1   1 -
SST_KIJ33388.1       -          Hydrophobin          PF01185.19   9.4e-29   93.1  10.8     1e-28   93.0  10.8   1.0   1   0   0   1   1   1   1 -
SST_KIJ48515.1       -          Hydrophobin          PF01185.19   1.2e-28   92.8  10.6   1.4e-28   92.6  10.6   1.1   1   0   0   1   1   1   1 -
SST_KIJ46686.1       -          Hydrophobin          PF01185.19   1.3e-28   92.7  10.6   1.4e-28   92.6  10.6   1.0   1   0   0   1   1   1   1 -
SST_KIJ48514.1       -          Hydrophobin          PF01185.19   1.3e-28   92.7  12.6   1.6e-28   92.4  12.6   1.1   1   0   0   1   1   1   1 -
SST_KIJ25108.1       -          Hydrophobin          PF01185.19   1.6e-28   92.4  12.0   1.8e-28   92.2  12.0   1.1   1   0   0   1   1   1   1 -
SST_KIJ48499.1       -          Hydrophobin          PF01185.19   1.6e-28   92.4  11.9   1.8e-28   92.2  11.9   1.0   1   0   0   1   1   1   1 -
SST_KIJ29214.1       -          Hydrophobin          PF01185.19   1.7e-28   92.3  11.2   2.1e-28   92.0  11.2   1.1   1   0   0   1   1   1   1 -
SST_KIJ48246.1       -          Hydrophobin          PF01185.19   2.2e-28   91.9  11.6   2.4e-28   91.8  11.6   1.0   1   0   0   1   1   1   1 -
SST_KIJ25843.1       -          Hydrophobin          PF01185.19   2.5e-28   91.8  11.6   2.9e-28   91.5  11.6   1.1   1   0   0   1   1   1   1 -
SST_KIJ47879.1       -          Hydrophobin          PF01185.19   2.6e-28   91.7   7.5   2.9e-28   91.6   7.5   1.0   1   0   0   1   1   1   1 -
SST_KIJ41356.1       -          Hydrophobin          PF01185.19   2.9e-28   91.6   9.3   3.2e-28   91.4   9.3   1.0   1   0   0   1   1   1   1 -
SST_KIJ28126.1       -          Hydrophobin          PF01185.19     3e-28   91.5   6.5   3.2e-28   91.4   6.5   1.0   1   0   0   1   1   1   1 -
SST_KIJ29211.1       -          Hydrophobin          PF01185.19     3e-28   91.5   6.5   3.2e-28   91.4   6.5   1.0   1   0   0   1   1   1   1 -
SST_KIJ29215.1       -          Hydrophobin          PF01185.19   3.1e-28   91.4  11.9   3.8e-28   91.2  11.9   1.1   1   0   0   1   1   1   1 -
SST_KIJ48484.1       -          Hydrophobin          PF01185.19   3.2e-28   91.4  11.8   3.9e-28   91.2  11.8   1.1   1   0   0   1   1   1   1 -
SST_KIJ40030.1       -          Hydrophobin          PF01185.19   3.6e-28   91.3   6.6   5.5e-28   90.7   6.6   1.3   1   0   0   1   1   1   1 -
SST_KIJ29928.1       -          Hydrophobin          PF01185.19   3.8e-28   91.2   6.6   5.6e-28   90.6   6.6   1.2   1   0   0   1   1   1   1 -
SST_KIJ33018.1       -          Hydrophobin          PF01185.19   4.1e-28   91.1  10.8   4.6e-28   90.9  10.8   1.0   1   0   0   1   1   1   1 -
SST_KIJ41342.1       -          Hydrophobin          PF01185.19   5.7e-28   90.6   9.3     7e-28   90.3   9.3   1.1   1   0   0   1   1   1   1 -
SST_KIJ38656.1       -          Hydrophobin          PF01185.19   6.4e-28   90.4   7.5     7e-28   90.3   7.5   1.0   1   0   0   1   1   1   1 -
SST_KIJ48518.1       -          Hydrophobin          PF01185.19   6.5e-28   90.4   9.7   7.7e-28   90.2   9.7   1.1   1   0   0   1   1   1   1 -
SST_KIJ48516.1       -          Hydrophobin          PF01185.19   7.8e-28   90.2  10.9   8.9e-28   90.0  10.9   1.0   1   0   0   1   1   1   1 -
SST_KIJ48513.1       -          Hydrophobin          PF01185.19   8.8e-28   90.0  10.8     1e-27   89.8  10.8   1.1   1   0   0   1   1   1   1 -
SST_KIJ46687.1       -          Hydrophobin          PF01185.19   8.9e-28   90.0  11.0   9.9e-28   89.8  11.0   1.0   1   0   0   1   1   1   1 -
SST_KIJ41357.1       -          Hydrophobin          PF01185.19   9.6e-28   89.9   9.6   1.4e-27   89.4   9.6   1.2   1   0   0   1   1   1   1 -
SST_KIJ48487.1       -          Hydrophobin          PF01185.19   1.4e-27   89.4  10.5   1.7e-27   89.1  10.5   1.1   1   0   0   1   1   1   1 -
SST_KIJ45439.1       -          Hydrophobin          PF01185.19   1.4e-27   89.3   8.3   1.6e-27   89.2   8.3   1.0   1   0   0   1   1   1   1 -
SST_KIJ38674.1       -          Hydrophobin          PF01185.19     2e-27   88.9   8.9   2.7e-27   88.5   8.9   1.2   1   0   0   1   1   1   1 -
SST_KIJ25112.1       -          Hydrophobin          PF01185.19   2.1e-27   88.8  10.5   2.5e-27   88.6  10.5   1.1   1   0   0   1   1   1   1 -
SST_KIJ43881.1       -          Hydrophobin          PF01185.19   2.7e-27   88.4   7.0     3e-27   88.3   7.0   1.0   1   0   0   1   1   1   1 -
SST_KIJ57419.1       -          Hydrophobin          PF01185.19   3.5e-27   88.1   7.2   3.8e-27   88.0   7.2   1.0   1   0   0   1   1   1   1 -
SST_KIJ48525.1       -          Hydrophobin          PF01185.19   3.8e-27   88.0  12.5   4.3e-27   87.8  12.5   1.0   1   0   0   1   1   1   1 -
SST_KIJ28287.1       -          Hydrophobin          PF01185.19     5e-27   87.6   5.0   5.4e-27   87.5   5.0   1.0   1   0   0   1   1   1   1 -
SST_KIJ43894.1       -          Hydrophobin          PF01185.19     5e-27   87.6   5.0   5.4e-27   87.5   5.0   1.0   1   0   0   1   1   1   1 -
SST_KIJ35372.1       -          Hydrophobin          PF01185.19   6.9e-27   87.2  10.3   7.4e-27   87.0  10.3   1.0   1   0   0   1   1   1   1 -
SST_KIJ29927.1       -          Hydrophobin          PF01185.19   1.1e-26   86.6   3.2   1.3e-26   86.3   3.2   1.0   1   0   0   1   1   1   1 -
SST_KIJ27679.1       -          Hydrophobin          PF01185.19   3.3e-26   85.0   6.3   3.6e-26   84.8   6.3   1.0   1   0   0   1   1   1   1 -
SST_KIJ43462.1       -          Hydrophobin          PF01185.19   3.7e-26   84.8   9.6   4.1e-26   84.7   9.6   1.0   1   0   0   1   1   1   1 -
SST_KIJ29212.1       -          Hydrophobin          PF01185.19     4e-26   84.7   9.5   5.4e-26   84.3   9.5   1.2   1   0   0   1   1   1   1 -
SST_KIJ29994.1       -          Hydrophobin          PF01185.19     4e-26   84.7   8.9   5.1e-26   84.4   8.9   1.1   1   0   0   1   1   1   1 -
SST_KIJ45031.1       -          Hydrophobin          PF01185.19   5.9e-26   84.2  11.0   6.6e-26   84.0  11.0   1.0   1   0   0   1   1   1   1 -
SST_KIJ38746.1       -          Hydrophobin          PF01185.19   6.2e-26   84.1   8.5   6.7e-26   84.0   8.5   1.0   1   0   0   1   1   1   1 -
SST_KIJ28292.1       -          Hydrophobin          PF01185.19     7e-26   83.9   5.3   7.5e-26   83.8   5.3   1.0   1   0   0   1   1   1   1 -
SST_KIJ47881.1       -          Hydrophobin          PF01185.19   7.1e-26   83.9  11.1   9.3e-26   83.5  11.1   1.2   1   0   0   1   1   1   1 -
SST_KIJ28124.1       -          Hydrophobin          PF01185.19   1.7e-25   82.7  10.5   2.2e-25   82.3  10.5   1.2   1   0   0   1   1   1   1 -
SST_KIJ43469.1       -          Hydrophobin          PF01185.19   1.8e-25   82.6   7.3   1.9e-25   82.5   7.3   1.0   1   0   0   1   1   1   1 -
SST_KIJ48493.1       -          Hydrophobin          PF01185.19   1.9e-25   82.5   9.7   2.1e-25   82.4   9.7   1.0   1   0   0   1   1   1   1 -
SST_KIJ38657.1       -          Hydrophobin          PF01185.19     2e-25   82.5   5.3   2.4e-25   82.2   5.3   1.0   1   0   0   1   1   1   1 -
SST_KIJ48488.1       -          Hydrophobin          PF01185.19   3.9e-25   81.5   9.9   4.8e-25   81.2   9.9   1.1   1   0   0   1   1   1   1 -
SST_KIJ46086.1       -          Hydrophobin          PF01185.19   4.1e-25   81.5   9.4   4.5e-25   81.3   9.4   1.0   1   0   0   1   1   1   1 -
SST_KIJ27927.1       -          Hydrophobin          PF01185.19   6.7e-25   80.8  10.1   8.3e-25   80.5  10.1   1.1   1   0   0   1   1   1   1 -
SST_KIJ27928.1       -          Hydrophobin          PF01185.19   6.7e-25   80.8  10.1   8.3e-25   80.5  10.1   1.1   1   0   0   1   1   1   1 -
SST_KIJ33725.1       -          Hydrophobin          PF01185.19   7.2e-25   80.7   7.1   8.2e-25   80.5   7.1   1.0   1   0   0   1   1   1   1 -
SST_KIJ51344.1       -          Hydrophobin          PF01185.19   7.3e-25   80.7   9.7   8.1e-25   80.5   9.7   1.0   1   0   0   1   1   1   1 -
SST_KIJ23317.1       -          Hydrophobin          PF01185.19   2.9e-24   78.7   8.8   3.3e-24   78.6   8.8   1.0   1   0   0   1   1   1   1 -
SST_KIJ27929.1       -          Hydrophobin          PF01185.19   3.1e-24   78.7   9.2   3.8e-24   78.4   9.2   1.1   1   0   0   1   1   1   1 -
SST_KIJ27926.1       -          Hydrophobin          PF01185.19   3.2e-24   78.6   8.2     5e-24   78.0   8.2   1.3   1   0   0   1   1   1   1 -
SST_KIJ25017.1       -          Hydrophobin          PF01185.19   3.8e-24   78.4   5.3   4.6e-24   78.1   5.3   1.1   1   0   0   1   1   1   1 -
SST_KIJ25094.1       -          Hydrophobin          PF01185.19   4.3e-24   78.2  10.1   5.3e-24   77.9  10.1   1.1   1   0   0   1   1   1   1 -
SST_KIJ51965.1       -          Hydrophobin          PF01185.19   6.5e-24   77.6  10.8   6.5e-24   77.6  10.8   1.8   2   0   0   2   2   1   1 -
SST_KIJ35373.1       -          Hydrophobin          PF01185.19   7.1e-24   77.5   6.5   1.1e-23   76.9   6.5   1.3   1   0   0   1   1   1   1 -
SST_KIJ45393.1       -          Hydrophobin          PF01185.19   1.8e-23   76.2   6.9   1.9e-23   76.1   6.9   1.0   1   0   0   1   1   1   1 -
SST_KIJ48486.1       -          Hydrophobin          PF01185.19     2e-23   76.0   8.8     2e-23   76.0   8.8   1.8   2   0   0   2   2   1   1 -
SST_KIJ24468.1       -          Hydrophobin          PF01185.19   3.4e-23   75.3   7.2   3.7e-23   75.2   7.2   1.0   1   0   0   1   1   1   1 -
SST_KIJ53817.1       -          Hydrophobin          PF01185.19   6.9e-23   74.3   7.5   7.5e-23   74.2   7.5   1.0   1   0   0   1   1   1   1 -
SST_KIJ53816.1       -          Hydrophobin          PF01185.19   9.6e-23   73.9   6.6   1.2e-22   73.5   6.6   1.1   1   0   0   1   1   1   1 -
SST_KIJ23892.1       -          Hydrophobin          PF01185.19     1e-22   73.8  10.0   1.2e-22   73.6  10.0   1.0   1   0   0   1   1   1   1 -
SST_KIJ28433.1       -          Hydrophobin          PF01185.19   7.5e-22   71.0   2.8   8.8e-22   70.8   2.8   1.0   1   0   0   1   1   1   1 -
SST_KIJ40368.1       -          Hydrophobin          PF01185.19   2.5e-21   69.3   1.4   2.9e-21   69.1   1.4   1.0   1   0   0   1   1   1   1 -
SST_KIJ29277.1       -          Hydrophobin          PF01185.19   7.5e-21   67.8   1.7   8.6e-21   67.6   1.7   1.1   1   0   0   1   1   1   1 -
SST_KIJ33381.1       -          Hydrophobin          PF01185.19   8.3e-21   67.7   3.5   9.8e-21   67.4   3.5   1.0   1   0   0   1   1   1   1 -
SST_KIJ48481.1       -          Hydrophobin          PF01185.19   8.1e-20   64.5   2.7   1.3e-19   63.9   2.7   1.3   1   0   0   1   1   1   1 -
SST_KIJ50778.1       -          Hydrophobin          PF01185.19   1.6e-19   63.6   8.8   1.9e-19   63.3   8.8   1.1   1   0   0   1   1   1   1 -
SST_KIJ43735.1       -          Hydrophobin          PF01185.19   4.6e-19   62.1   6.8   5.5e-19   61.8   6.8   1.1   1   0   0   1   1   1   1 -
SST_KIJ22522.1       -          Hydrophobin          PF01185.19   4.8e-19   62.0   4.7   6.4e-19   61.6   4.7   1.2   1   0   0   1   1   1   1 -
SST_KIJ53975.1       -          Hydrophobin          PF01185.19   5.2e-19   61.9   6.4   7.8e-19   61.3   6.4   1.3   1   0   0   1   1   1   1 -
SST_KIJ41343.1       -          Hydrophobin          PF01185.19   8.5e-19   61.2   2.5   1.3e-18   60.7   2.5   1.2   1   0   0   1   1   1   1 -
SST_KIJ32703.1       -          Hydrophobin          PF01185.19   1.7e-17   57.1   5.3   1.7e-17   57.0   4.0   1.6   2   0   0   2   2   1   1 -
SST_KIJ43890.1       -          Hydrophobin          PF01185.19   2.1e-17   56.7   0.6   2.6e-17   56.5   0.6   1.1   1   0   0   1   1   1   1 -
SST_KIJ22510.1       -          Hydrophobin          PF01185.19   4.4e-17   55.7   5.2   6.1e-17   55.3   5.2   1.2   1   0   0   1   1   1   1 -
SST_KIJ53977.1       -          Hydrophobin          PF01185.19   9.4e-15   48.3   2.1   1.1e-14   48.1   2.1   1.0   1   0   0   1   1   1   1 -
#
# Program:         hmmsearch
# Version:         3.1b2 (February 2015)
# Pipeline mode:   SEARCH
# Query file:      ../Profiles/Hydrophobins.hmm
# Target file:     renamed/Hyd_candidates_SST.faa
# Option settings: hmmsearch --tblout renamed_out/Hyd_candidates_SST_pfam.out ../Profiles/Hydrophobins.hmm renamed/Hyd_candidates_SST.faa 
# Current dir:     /Users/brianlovett/Desktop/Hydrophobin Survey/Proteomes
# Date:            Tue Mar 22 10:09:40 2022
# [ok]
