#                                                               --- full sequence ---- --- best 1 domain ---- --- domain number estimation ----
# target name        accession  query name           accession    E-value  score  bias   E-value  score  bias   exp reg clu  ov env dom rep inc description of target
#------------------- ---------- -------------------- ---------- --------- ------ ----- --------- ------ -----   --- --- --- --- --- --- --- --- ---------------------
MAN_KID65917.1       -          Hydrophobin          PF01185.19   1.4e-08   34.6  14.2   5.9e-07   29.3  14.1   2.1   1   1   1   2   2   2   2 hydrophobin, partial [Metarhizium anisopliae ARSEF 549]
MAN_KID64441.1       -          Hydrophobin          PF01185.19     3e-08   33.5  11.5   4.6e-07   29.7  11.5   2.0   1   1   0   1   1   1   1 hydrophobin-like protein, partial [Metarhizium anisopliae ARSEF 549]
MAN_KID65291.1       -          Hydrophobin          PF01185.19   0.00021   21.1  14.0    0.0034   17.3  14.2   2.6   1   1   1   2   2   2   1 hydrophobin, partial [Metarhizium anisopliae ARSEF 549]
MAN_KID60925.1       -          Hydrophobin          PF01185.19    0.0005   19.9   2.2   0.00056   19.8   2.2   1.2   1   0   0   1   1   1   1 bZIP transcription factor, partial [Metarhizium anisopliae ARSEF 549]
MAN_KID59956.1       -          Hydrophobin          PF01185.19     0.015   15.2  14.2      0.81    9.7  14.2   2.1   1   1   0   1   1   1   0 hypothetical protein MAN_10206, partial [Metarhizium anisopliae ARSEF 549]
MAN_KID67022.1       -          Hydrophobin          PF01185.19      0.07   13.1   8.1      0.16   12.0   2.2   2.1   1   1   1   2   2   2   0 hypothetical protein MAN_03780, partial [Metarhizium anisopliae ARSEF 549]
MAN_KID61828.1       -          Hydrophobin_2        PF06766.12   7.9e-28   95.5   7.9     1e-27   95.2   7.9   1.1   1   0   0   1   1   1   1 Hydrophobin 2, partial [Metarhizium anisopliae ARSEF 549]
MAN_KID71615.1       -          Hydrophobin_2        PF06766.12       1.2    8.5  30.4       1.2    8.4   4.2   3.8   1   1   2   3   3   3   0 hypothetical protein MAN_01214, partial [Metarhizium anisopliae ARSEF 549]
#
# Program:         hmmsearch
# Version:         3.1b2 (February 2015)
# Pipeline mode:   SEARCH
# Query file:      ../Profiles/Hydrophobins.hmm
# Target file:     renamed/MAN.faa
# Option settings: hmmsearch --tblout renamed_out/MAN_pfam.out ../Profiles/Hydrophobins.hmm renamed/MAN.faa 
# Current dir:     /Users/brianlovett/Desktop/Hydrophobin Survey/Proteomes
# Date:            Tue Mar 22 10:09:41 2022
# [ok]
