#                                                               --- full sequence ---- --- best 1 domain ---- --- domain number estimation ----
# target name        accession  query name           accession    E-value  score  bias   E-value  score  bias   exp reg clu  ov env dom rep inc description of target
#------------------- ---------- -------------------- ---------- --------- ------ ----- --------- ------ -----   --- --- --- --- --- --- --- --- ---------------------
SST_KIJ25111.1       -          Hydrophobin          PF01185.19   4.1e-28   98.8  10.0     5e-28   98.5  10.0   1.1   1   0   0   1   1   1   1 hypothetical protein M422DRAFT_273969 [Sphaerobolus stellatus SS14]
SST_KIJ28121.1       -          Hydrophobin          PF01185.19   1.3e-27   97.2  11.7   1.5e-27   96.9  11.7   1.1   1   0   0   1   1   1   1 hypothetical protein M422DRAFT_270614 [Sphaerobolus stellatus SS14]
SST_KIJ25109.1       -          Hydrophobin          PF01185.19   1.7e-27   96.8   9.8   1.9e-27   96.6   9.8   1.0   1   0   0   1   1   1   1 hypothetical protein M422DRAFT_193852, partial [Sphaerobolus stellatus SS14]
SST_KIJ48522.1       -          Hydrophobin          PF01185.19   2.1e-27   96.5  10.7   2.4e-27   96.3  10.7   1.0   1   0   0   1   1   1   1 hypothetical protein M422DRAFT_80211, partial [Sphaerobolus stellatus SS14]
SST_KIJ28120.1       -          Hydrophobin          PF01185.19   2.1e-27   96.5  11.3   2.5e-27   96.2  11.3   1.1   1   0   0   1   1   1   1 hypothetical protein M422DRAFT_235749 [Sphaerobolus stellatus SS14]
SST_KIJ25024.1       -          Hydrophobin          PF01185.19   2.4e-27   96.3  10.4   2.7e-27   96.2  10.4   1.0   1   0   0   1   1   1   1 hypothetical protein M422DRAFT_193970, partial [Sphaerobolus stellatus SS14]
SST_KIJ38668.1       -          Hydrophobin          PF01185.19   3.1e-27   96.0  10.2   3.1e-27   96.0  10.2   1.4   2   0   0   2   2   1   1 hypothetical protein M422DRAFT_33114 [Sphaerobolus stellatus SS14]
SST_KIJ28295.1       -          Hydrophobin          PF01185.19   3.6e-27   95.7  10.4   4.7e-27   95.4  10.4   1.1   1   0   0   1   1   1   1 hypothetical protein M422DRAFT_270437 [Sphaerobolus stellatus SS14]
SST_KIJ48250.1       -          Hydrophobin          PF01185.19     4e-27   95.6   9.7   4.5e-27   95.4   9.7   1.0   1   0   0   1   1   1   1 hypothetical protein M422DRAFT_162942 [Sphaerobolus stellatus SS14]
SST_KIJ38284.1       -          Hydrophobin          PF01185.19     4e-27   95.6   9.5   4.7e-27   95.4   9.5   1.1   1   0   0   1   1   1   1 hypothetical protein M422DRAFT_259196 [Sphaerobolus stellatus SS14]
SST_KIJ48496.1       -          Hydrophobin          PF01185.19   7.2e-27   94.8  10.4   8.1e-27   94.6  10.4   1.0   1   0   0   1   1   1   1 hypothetical protein M422DRAFT_162598 [Sphaerobolus stellatus SS14]
SST_KIJ48517.1       -          Hydrophobin          PF01185.19   8.8e-27   94.5  12.8     1e-26   94.3  12.8   1.0   1   0   0   1   1   1   1 hypothetical protein M422DRAFT_162688 [Sphaerobolus stellatus SS14]
SST_KIJ48500.1       -          Hydrophobin          PF01185.19   1.1e-26   94.2  12.2   1.2e-26   94.0  12.2   1.0   1   0   0   1   1   1   1 hypothetical protein M422DRAFT_247848 [Sphaerobolus stellatus SS14]
SST_KIJ43887.1       -          Hydrophobin          PF01185.19   1.1e-26   94.2   7.6   1.2e-26   94.1   7.6   1.0   1   0   0   1   1   1   1 hypothetical protein M422DRAFT_169264, partial [Sphaerobolus stellatus SS14]
SST_KIJ48247.1       -          Hydrophobin          PF01185.19   1.1e-26   94.1   9.9   1.3e-26   94.0   9.9   1.0   1   0   0   1   1   1   1 hypothetical protein M422DRAFT_162920, partial [Sphaerobolus stellatus SS14]
SST_KIJ38679.1       -          Hydrophobin          PF01185.19   1.1e-26   94.1   7.0   1.2e-26   94.0   7.0   1.0   1   0   0   1   1   1   1 hypothetical protein M422DRAFT_176141, partial [Sphaerobolus stellatus SS14]
SST_KIJ28123.1       -          Hydrophobin          PF01185.19   1.1e-26   94.1  10.1   1.4e-26   93.9  10.1   1.1   1   0   0   1   1   1   1 hypothetical protein M422DRAFT_190150 [Sphaerobolus stellatus SS14]
SST_KIJ28119.1       -          Hydrophobin          PF01185.19   1.2e-26   94.1  10.0   1.4e-26   93.8  10.0   1.1   1   0   0   1   1   1   1 hypothetical protein M422DRAFT_270612 [Sphaerobolus stellatus SS14]
SST_KIJ28430.1       -          Hydrophobin          PF01185.19   1.2e-26   94.1  10.1   1.3e-26   93.9  10.1   1.0   1   0   0   1   1   1   1 hypothetical protein M422DRAFT_92498, partial [Sphaerobolus stellatus SS14]
SST_KIJ25844.1       -          Hydrophobin          PF01185.19   1.2e-26   94.0  12.6   1.4e-26   93.8  12.6   1.0   1   0   0   1   1   1   1 hypothetical protein M422DRAFT_192985 [Sphaerobolus stellatus SS14]
SST_KIJ29213.1       -          Hydrophobin          PF01185.19   1.3e-26   94.0   9.1   1.5e-26   93.7   9.1   1.1   1   0   0   1   1   1   1 hypothetical protein M422DRAFT_188764 [Sphaerobolus stellatus SS14]
SST_KIJ38285.1       -          Hydrophobin          PF01185.19   1.3e-26   94.0  10.7   1.6e-26   93.7  10.7   1.1   1   0   0   1   1   1   1 hypothetical protein M422DRAFT_259197 [Sphaerobolus stellatus SS14]
SST_KIJ25837.1       -          Hydrophobin          PF01185.19   1.3e-26   94.0  11.3   1.5e-26   93.8  11.3   1.0   1   0   0   1   1   1   1 hypothetical protein M422DRAFT_192948 [Sphaerobolus stellatus SS14]
SST_KIJ25107.1       -          Hydrophobin          PF01185.19   1.4e-26   93.9  10.3   1.6e-26   93.7  10.3   1.1   1   0   0   1   1   1   1 hypothetical protein M422DRAFT_273964 [Sphaerobolus stellatus SS14]
SST_KIJ48249.1       -          Hydrophobin          PF01185.19   1.7e-26   93.6  11.5     2e-26   93.4  11.5   1.0   1   0   0   1   1   1   1 hypothetical protein M422DRAFT_162840 [Sphaerobolus stellatus SS14]
SST_KIJ41341.1       -          Hydrophobin          PF01185.19   1.9e-26   93.4   9.9   2.1e-26   93.3   9.9   1.0   1   0   0   1   1   1   1 hypothetical protein M422DRAFT_141461, partial [Sphaerobolus stellatus SS14]
SST_KIJ38682.1       -          Hydrophobin          PF01185.19   2.1e-26   93.3  10.3   2.1e-26   93.3  10.3   1.5   2   0   0   2   2   1   1 hypothetical protein M422DRAFT_176174 [Sphaerobolus stellatus SS14]
SST_KIJ25836.1       -          Hydrophobin          PF01185.19   2.1e-26   93.3  11.1   2.5e-26   93.0  11.1   1.1   1   0   0   1   1   1   1 hypothetical protein M422DRAFT_192950 [Sphaerobolus stellatus SS14]
SST_KIJ33387.1       -          Hydrophobin          PF01185.19   2.4e-26   93.1  10.8   2.6e-26   93.0  10.8   1.0   1   0   0   1   1   1   1 hypothetical protein M422DRAFT_93126, partial [Sphaerobolus stellatus SS14]
SST_KIJ33388.1       -          Hydrophobin          PF01185.19   2.4e-26   93.1  10.8   2.6e-26   93.0  10.8   1.0   1   0   0   1   1   1   1 hypothetical protein M422DRAFT_94504, partial [Sphaerobolus stellatus SS14]
SST_KIJ48515.1       -          Hydrophobin          PF01185.19     3e-26   92.8  10.6   3.6e-26   92.6  10.6   1.1   1   0   0   1   1   1   1 hypothetical protein M422DRAFT_162673 [Sphaerobolus stellatus SS14]
SST_KIJ46686.1       -          Hydrophobin          PF01185.19   3.2e-26   92.7  10.6   3.5e-26   92.6  10.6   1.0   1   0   0   1   1   1   1 hypothetical protein M422DRAFT_84046, partial [Sphaerobolus stellatus SS14]
SST_KIJ48514.1       -          Hydrophobin          PF01185.19   3.3e-26   92.7  12.6   3.9e-26   92.4  12.6   1.1   1   0   0   1   1   1   1 hypothetical protein M422DRAFT_247861 [Sphaerobolus stellatus SS14]
SST_KIJ25108.1       -          Hydrophobin          PF01185.19   3.9e-26   92.4  12.0   4.6e-26   92.2  12.0   1.1   1   0   0   1   1   1   1 hypothetical protein M422DRAFT_273965 [Sphaerobolus stellatus SS14]
SST_KIJ48499.1       -          Hydrophobin          PF01185.19   3.9e-26   92.4  11.9   4.5e-26   92.2  11.9   1.0   1   0   0   1   1   1   1 hypothetical protein M422DRAFT_162707 [Sphaerobolus stellatus SS14]
SST_KIJ29214.1       -          Hydrophobin          PF01185.19   4.4e-26   92.3  11.2   5.2e-26   92.0  11.2   1.1   1   0   0   1   1   1   1 hypothetical protein M422DRAFT_235347 [Sphaerobolus stellatus SS14]
SST_KIJ48246.1       -          Hydrophobin          PF01185.19   5.5e-26   91.9  11.6   6.1e-26   91.8  11.6   1.0   1   0   0   1   1   1   1 hypothetical protein M422DRAFT_146918, partial [Sphaerobolus stellatus SS14]
SST_KIJ25843.1       -          Hydrophobin          PF01185.19   6.3e-26   91.8  11.6   7.4e-26   91.5  11.6   1.1   1   0   0   1   1   1   1 hypothetical protein M422DRAFT_273180 [Sphaerobolus stellatus SS14]
SST_KIJ47879.1       -          Hydrophobin          PF01185.19   6.6e-26   91.7   7.5   7.2e-26   91.6   7.5   1.0   1   0   0   1   1   1   1 hypothetical protein M422DRAFT_108366, partial [Sphaerobolus stellatus SS14]
SST_KIJ41356.1       -          Hydrophobin          PF01185.19   7.3e-26   91.6   9.3   8.1e-26   91.4   9.3   1.0   1   0   0   1   1   1   1 hypothetical protein M422DRAFT_141541, partial [Sphaerobolus stellatus SS14]
SST_KIJ28126.1       -          Hydrophobin          PF01185.19   7.4e-26   91.5   6.5   8.1e-26   91.4   6.5   1.0   1   0   0   1   1   1   1 hypothetical protein M422DRAFT_190171, partial [Sphaerobolus stellatus SS14]
SST_KIJ29211.1       -          Hydrophobin          PF01185.19   7.4e-26   91.5   6.5   8.1e-26   91.4   6.5   1.0   1   0   0   1   1   1   1 hypothetical protein M422DRAFT_188792, partial [Sphaerobolus stellatus SS14]
SST_KIJ29215.1       -          Hydrophobin          PF01185.19   7.9e-26   91.4  11.9   9.5e-26   91.2  11.9   1.1   1   0   0   1   1   1   1 hypothetical protein M422DRAFT_269395 [Sphaerobolus stellatus SS14]
SST_KIJ48484.1       -          Hydrophobin          PF01185.19   8.1e-26   91.4  11.8   9.7e-26   91.2  11.8   1.1   1   0   0   1   1   1   1 hypothetical protein M422DRAFT_247834 [Sphaerobolus stellatus SS14]
SST_KIJ40030.1       -          Hydrophobin          PF01185.19     9e-26   91.3   6.6   1.4e-25   90.7   6.6   1.3   1   0   0   1   1   1   1 hypothetical protein M422DRAFT_257096 [Sphaerobolus stellatus SS14]
SST_KIJ29928.1       -          Hydrophobin          PF01185.19   9.7e-26   91.2   6.6   1.4e-25   90.6   6.6   1.2   1   0   0   1   1   1   1 hypothetical protein M422DRAFT_268600 [Sphaerobolus stellatus SS14]
SST_KIJ33018.1       -          Hydrophobin          PF01185.19     1e-25   91.1  10.8   1.2e-25   90.9  10.8   1.0   1   0   0   1   1   1   1 hypothetical protein M422DRAFT_265047 [Sphaerobolus stellatus SS14]
SST_KIJ41342.1       -          Hydrophobin          PF01185.19   1.4e-25   90.6   9.3   1.7e-25   90.3   9.3   1.1   1   0   0   1   1   1   1 hypothetical protein M422DRAFT_143871, partial [Sphaerobolus stellatus SS14]
SST_KIJ38656.1       -          Hydrophobin          PF01185.19   1.6e-25   90.4   7.5   1.8e-25   90.3   7.5   1.0   1   0   0   1   1   1   1 hypothetical protein M422DRAFT_176143, partial [Sphaerobolus stellatus SS14]
SST_KIJ48518.1       -          Hydrophobin          PF01185.19   1.6e-25   90.4   9.7   1.9e-25   90.2   9.7   1.1   1   0   0   1   1   1   1 hypothetical protein M422DRAFT_247865 [Sphaerobolus stellatus SS14]
SST_KIJ48516.1       -          Hydrophobin          PF01185.19     2e-25   90.2  10.9   2.2e-25   90.0  10.9   1.0   1   0   0   1   1   1   1 hypothetical protein M422DRAFT_162685 [Sphaerobolus stellatus SS14]
SST_KIJ48513.1       -          Hydrophobin          PF01185.19   2.2e-25   90.0  10.8   2.6e-25   89.8  10.8   1.1   1   0   0   1   1   1   1 hypothetical protein M422DRAFT_28451 [Sphaerobolus stellatus SS14]
SST_KIJ46687.1       -          Hydrophobin          PF01185.19   2.2e-25   90.0  11.0   2.5e-25   89.8  11.0   1.0   1   0   0   1   1   1   1 hypothetical protein M422DRAFT_86795, partial [Sphaerobolus stellatus SS14]
SST_KIJ41357.1       -          Hydrophobin          PF01185.19   2.4e-25   89.9   9.6   3.4e-25   89.4   9.6   1.2   1   0   0   1   1   1   1 hypothetical protein M422DRAFT_172379 [Sphaerobolus stellatus SS14]
SST_KIJ48487.1       -          Hydrophobin          PF01185.19   3.5e-25   89.4  10.5   4.1e-25   89.1  10.5   1.1   1   0   0   1   1   1   1 hypothetical protein M422DRAFT_247837 [Sphaerobolus stellatus SS14]
SST_KIJ45439.1       -          Hydrophobin          PF01185.19   3.6e-25   89.3   8.3   4.1e-25   89.2   8.3   1.0   1   0   0   1   1   1   1 hypothetical protein M422DRAFT_251214 [Sphaerobolus stellatus SS14]
SST_KIJ38674.1       -          Hydrophobin          PF01185.19     5e-25   88.9   8.9   6.8e-25   88.5   8.9   1.2   1   0   0   1   1   1   1 hypothetical protein M422DRAFT_176246 [Sphaerobolus stellatus SS14]
SST_KIJ25112.1       -          Hydrophobin          PF01185.19   5.3e-25   88.8  10.5   6.3e-25   88.6  10.5   1.1   1   0   0   1   1   1   1 hypothetical protein M422DRAFT_273970 [Sphaerobolus stellatus SS14]
SST_KIJ43881.1       -          Hydrophobin          PF01185.19   6.9e-25   88.4   7.0   7.5e-25   88.3   7.0   1.0   1   0   0   1   1   1   1 hypothetical protein M422DRAFT_169297, partial [Sphaerobolus stellatus SS14]
SST_KIJ57419.1       -          Hydrophobin          PF01185.19   8.7e-25   88.1   7.2   9.6e-25   88.0   7.2   1.0   1   0   0   1   1   1   1 hypothetical protein M422DRAFT_149325, partial [Sphaerobolus stellatus SS14]
SST_KIJ48525.1       -          Hydrophobin          PF01185.19   9.6e-25   88.0  12.5   1.1e-24   87.8  12.5   1.0   1   0   0   1   1   1   1 hypothetical protein M422DRAFT_81792, partial [Sphaerobolus stellatus SS14]
SST_KIJ28287.1       -          Hydrophobin          PF01185.19   1.3e-24   87.6   5.0   1.4e-24   87.5   5.0   1.0   1   0   0   1   1   1   1 hypothetical protein M422DRAFT_189901, partial [Sphaerobolus stellatus SS14]
SST_KIJ43894.1       -          Hydrophobin          PF01185.19   1.3e-24   87.6   5.0   1.4e-24   87.5   5.0   1.0   1   0   0   1   1   1   1 hypothetical protein M422DRAFT_169265, partial [Sphaerobolus stellatus SS14]
SST_KIJ35372.1       -          Hydrophobin          PF01185.19   1.7e-24   87.2  10.3   1.9e-24   87.0  10.3   1.0   1   0   0   1   1   1   1 hypothetical protein M422DRAFT_180785, partial [Sphaerobolus stellatus SS14]
SST_KIJ29927.1       -          Hydrophobin          PF01185.19   2.6e-24   86.6   3.2   3.2e-24   86.3   3.2   1.0   1   0   0   1   1   1   1 hypothetical protein M422DRAFT_268599 [Sphaerobolus stellatus SS14]
SST_KIJ25838.1       -          Hydrophobin          PF01185.19   4.9e-24   85.7  13.7   5.9e-24   85.4  13.7   1.1   1   0   0   1   1   1   1 hypothetical protein M422DRAFT_192968 [Sphaerobolus stellatus SS14]
SST_KIJ27679.1       -          Hydrophobin          PF01185.19   8.3e-24   85.0   6.3   9.1e-24   84.8   6.3   1.0   1   0   0   1   1   1   1 hypothetical protein M422DRAFT_190701, partial [Sphaerobolus stellatus SS14]
SST_KIJ43462.1       -          Hydrophobin          PF01185.19   9.2e-24   84.8   9.6     1e-23   84.7   9.6   1.0   1   0   0   1   1   1   1 hypothetical protein M422DRAFT_169939, partial [Sphaerobolus stellatus SS14]
SST_KIJ29212.1       -          Hydrophobin          PF01185.19     1e-23   84.7   9.5   1.4e-23   84.3   9.5   1.2   1   0   0   1   1   1   1 hypothetical protein M422DRAFT_269392 [Sphaerobolus stellatus SS14]
SST_KIJ29994.1       -          Hydrophobin          PF01185.19     1e-23   84.7   8.9   1.3e-23   84.4   8.9   1.1   1   0   0   1   1   1   1 hypothetical protein M422DRAFT_268560 [Sphaerobolus stellatus SS14]
SST_KIJ45031.1       -          Hydrophobin          PF01185.19   1.5e-23   84.2  11.0   1.7e-23   84.0  11.0   1.0   1   0   0   1   1   1   1 hypothetical protein M422DRAFT_167661, partial [Sphaerobolus stellatus SS14]
SST_KIJ38746.1       -          Hydrophobin          PF01185.19   1.6e-23   84.1   8.5   1.7e-23   84.0   8.5   1.0   1   0   0   1   1   1   1 hypothetical protein M422DRAFT_176306, partial [Sphaerobolus stellatus SS14]
SST_KIJ28292.1       -          Hydrophobin          PF01185.19   1.7e-23   83.9   5.3   1.9e-23   83.8   5.3   1.0   1   0   0   1   1   1   1 hypothetical protein M422DRAFT_189929, partial [Sphaerobolus stellatus SS14]
SST_KIJ47881.1       -          Hydrophobin          PF01185.19   1.8e-23   83.9  11.1   2.3e-23   83.5  11.1   1.2   1   0   0   1   1   1   1 hypothetical protein M422DRAFT_778012 [Sphaerobolus stellatus SS14]
SST_KIJ28124.1       -          Hydrophobin          PF01185.19   4.2e-23   82.7  10.5   5.6e-23   82.3  10.5   1.2   1   0   0   1   1   1   1 hypothetical protein M422DRAFT_270619 [Sphaerobolus stellatus SS14]
SST_KIJ43469.1       -          Hydrophobin          PF01185.19   4.4e-23   82.6   7.3   4.9e-23   82.5   7.3   1.0   1   0   0   1   1   1   1 hypothetical protein M422DRAFT_122543, partial [Sphaerobolus stellatus SS14]
SST_KIJ48493.1       -          Hydrophobin          PF01185.19   4.8e-23   82.5   9.7   5.3e-23   82.4   9.7   1.0   1   0   0   1   1   1   1 hypothetical protein M422DRAFT_127302, partial [Sphaerobolus stellatus SS14]
SST_KIJ38657.1       -          Hydrophobin          PF01185.19     5e-23   82.5   5.3   5.9e-23   82.2   5.3   1.0   1   0   0   1   1   1   1 hypothetical protein M422DRAFT_258532 [Sphaerobolus stellatus SS14]
SST_KIJ46052.1       -          Hydrophobin          PF01185.19   9.5e-23   81.6  14.3   1.1e-22   81.4  14.3   1.0   1   0   0   1   1   1   1 hypothetical protein M422DRAFT_165765, partial [Sphaerobolus stellatus SS14]
SST_KIJ48488.1       -          Hydrophobin          PF01185.19   9.9e-23   81.5   9.9   1.2e-22   81.2   9.9   1.1   1   0   0   1   1   1   1 hypothetical protein M422DRAFT_247838 [Sphaerobolus stellatus SS14]
SST_KIJ46086.1       -          Hydrophobin          PF01185.19     1e-22   81.5   9.4   1.1e-22   81.3   9.4   1.0   1   0   0   1   1   1   1 hypothetical protein M422DRAFT_165705, partial [Sphaerobolus stellatus SS14]
SST_KIJ27927.1       -          Hydrophobin          PF01185.19   1.7e-22   80.8  10.1   2.1e-22   80.5  10.1   1.1   1   0   0   1   1   1   1 hypothetical protein M422DRAFT_784711 [Sphaerobolus stellatus SS14]
SST_KIJ27928.1       -          Hydrophobin          PF01185.19   1.7e-22   80.8  10.1   2.1e-22   80.5  10.1   1.1   1   0   0   1   1   1   1 hypothetical protein M422DRAFT_784712 [Sphaerobolus stellatus SS14]
SST_KIJ33725.1       -          Hydrophobin          PF01185.19   1.8e-22   80.7   7.1   2.1e-22   80.5   7.1   1.0   1   0   0   1   1   1   1 hypothetical protein M422DRAFT_130898, partial [Sphaerobolus stellatus SS14]
SST_KIJ51344.1       -          Hydrophobin          PF01185.19   1.8e-22   80.7   9.7     2e-22   80.5   9.7   1.0   1   0   0   1   1   1   1 hypothetical protein M422DRAFT_157875, partial [Sphaerobolus stellatus SS14]
SST_KIJ33019.1       -          Hydrophobin          PF01185.19   3.7e-22   79.7   5.9   4.3e-22   79.5   5.9   1.1   1   0   0   1   1   1   1 hypothetical protein M422DRAFT_183675, partial [Sphaerobolus stellatus SS14]
SST_KIJ23317.1       -          Hydrophobin          PF01185.19   7.3e-22   78.7   8.8   8.2e-22   78.6   8.8   1.0   1   0   0   1   1   1   1 hypothetical protein M422DRAFT_196074, partial [Sphaerobolus stellatus SS14]
SST_KIJ27929.1       -          Hydrophobin          PF01185.19   7.7e-22   78.7   9.2   9.6e-22   78.4   9.2   1.1   1   0   0   1   1   1   1 hypothetical protein M422DRAFT_270866 [Sphaerobolus stellatus SS14]
SST_KIJ27926.1       -          Hydrophobin          PF01185.19     8e-22   78.6   8.2   1.2e-21   78.0   8.2   1.3   1   0   0   1   1   1   1 hypothetical protein M422DRAFT_190367 [Sphaerobolus stellatus SS14]
SST_KIJ25017.1       -          Hydrophobin          PF01185.19   9.5e-22   78.4   5.3   1.2e-21   78.1   5.3   1.1   1   0   0   1   1   1   1 hypothetical protein M422DRAFT_274088 [Sphaerobolus stellatus SS14]
SST_KIJ25094.1       -          Hydrophobin          PF01185.19   1.1e-21   78.2  10.1   1.3e-21   77.9  10.1   1.1   1   0   0   1   1   1   1 hypothetical protein M422DRAFT_193872 [Sphaerobolus stellatus SS14]
SST_KIJ51965.1       -          Hydrophobin          PF01185.19   1.6e-21   77.6  10.8   1.6e-21   77.6  10.8   1.8   2   0   0   2   2   1   1 hypothetical protein M422DRAFT_776310 [Sphaerobolus stellatus SS14]
SST_KIJ35373.1       -          Hydrophobin          PF01185.19   1.8e-21   77.5   6.5   2.8e-21   76.9   6.5   1.3   1   0   0   1   1   1   1 hypothetical protein M422DRAFT_262333 [Sphaerobolus stellatus SS14]
SST_KIJ45393.1       -          Hydrophobin          PF01185.19   4.5e-21   76.2   6.9   4.9e-21   76.1   6.9   1.0   1   0   0   1   1   1   1 hypothetical protein M422DRAFT_166783, partial [Sphaerobolus stellatus SS14]
SST_KIJ48486.1       -          Hydrophobin          PF01185.19   5.1e-21   76.0   8.8   5.1e-21   76.0   8.8   1.8   2   0   0   2   2   1   1 hypothetical protein M422DRAFT_247836 [Sphaerobolus stellatus SS14]
SST_KIJ24468.1       -          Hydrophobin          PF01185.19   8.6e-21   75.3   7.2   9.4e-21   75.2   7.2   1.0   1   0   0   1   1   1   1 hypothetical protein M422DRAFT_194652, partial [Sphaerobolus stellatus SS14]
SST_KIJ48245.1       -          Hydrophobin          PF01185.19     1e-20   75.1   3.8   1.1e-20   75.0   3.8   1.0   1   0   0   1   1   1   1 hypothetical protein M422DRAFT_163010, partial [Sphaerobolus stellatus SS14]
SST_KIJ53817.1       -          Hydrophobin          PF01185.19   1.7e-20   74.3   7.5   1.9e-20   74.2   7.5   1.0   1   0   0   1   1   1   1 hypothetical protein M422DRAFT_154636, partial [Sphaerobolus stellatus SS14]
SST_KIJ38659.1       -          Hydrophobin          PF01185.19   2.1e-20   74.0   4.4   2.6e-20   73.8   4.4   1.1   1   0   0   1   1   1   1 hypothetical protein M422DRAFT_258534 [Sphaerobolus stellatus SS14]
SST_KIJ53816.1       -          Hydrophobin          PF01185.19   2.4e-20   73.9   6.6   3.1e-20   73.5   6.6   1.1   1   0   0   1   1   1   1 hypothetical protein M422DRAFT_154375 [Sphaerobolus stellatus SS14]
SST_KIJ23892.1       -          Hydrophobin          PF01185.19   2.6e-20   73.8  10.0   2.9e-20   73.6  10.0   1.0   1   0   0   1   1   1   1 hypothetical protein M422DRAFT_119972, partial [Sphaerobolus stellatus SS14]
SST_KIJ48492.1       -          Hydrophobin          PF01185.19     3e-20   73.6   0.8   3.5e-20   73.3   0.8   1.1   1   0   0   1   1   1   1 hypothetical protein M422DRAFT_162627 [Sphaerobolus stellatus SS14]
SST_KIJ43517.1       -          Hydrophobin          PF01185.19   3.1e-20   73.5   2.1   3.4e-20   73.4   2.1   1.0   1   0   0   1   1   1   1 hypothetical protein M422DRAFT_253086 [Sphaerobolus stellatus SS14]
SST_KIJ28433.1       -          Hydrophobin          PF01185.19   1.9e-19   71.0   2.8   2.2e-19   70.8   2.8   1.0   1   0   0   1   1   1   1 hypothetical protein M422DRAFT_189753, partial [Sphaerobolus stellatus SS14]
SST_KIJ27960.1       -          Hydrophobin          PF01185.19   2.6e-19   70.6   3.8   3.3e-19   70.2   3.8   1.1   1   0   0   1   1   1   1 hypothetical protein M422DRAFT_190352 [Sphaerobolus stellatus SS14]
SST_KIJ40368.1       -          Hydrophobin          PF01185.19   6.3e-19   69.3   1.4   7.3e-19   69.1   1.4   1.0   1   0   0   1   1   1   1 hypothetical protein M422DRAFT_173821, partial [Sphaerobolus stellatus SS14]
SST_KIJ29277.1       -          Hydrophobin          PF01185.19   1.9e-18   67.8   1.7   2.2e-18   67.6   1.7   1.1   1   0   0   1   1   1   1 hypothetical protein M422DRAFT_188752, partial [Sphaerobolus stellatus SS14]
SST_KIJ33381.1       -          Hydrophobin          PF01185.19   2.1e-18   67.7   3.5   2.5e-18   67.4   3.5   1.0   1   0   0   1   1   1   1 hypothetical protein M422DRAFT_183319, partial [Sphaerobolus stellatus SS14]
SST_KIJ48481.1       -          Hydrophobin          PF01185.19     2e-17   64.5   2.7   3.2e-17   63.9   2.7   1.3   1   0   0   1   1   1   1 hypothetical protein M422DRAFT_247831 [Sphaerobolus stellatus SS14]
SST_KIJ51363.1       -          Hydrophobin          PF01185.19   2.7e-17   64.1   2.2   3.4e-17   63.8   2.2   1.1   1   0   0   1   1   1   1 hypothetical protein M422DRAFT_244541 [Sphaerobolus stellatus SS14]
SST_KIJ50778.1       -          Hydrophobin          PF01185.19   3.9e-17   63.6   8.8   4.7e-17   63.3   8.8   1.1   1   0   0   1   1   1   1 hypothetical protein M422DRAFT_245445 [Sphaerobolus stellatus SS14]
SST_KIJ43735.1       -          Hydrophobin          PF01185.19   1.2e-16   62.1   6.8   1.4e-16   61.8   6.8   1.1   1   0   0   1   1   1   1 hypothetical protein M422DRAFT_252983 [Sphaerobolus stellatus SS14]
SST_KIJ22522.1       -          Hydrophobin          PF01185.19   1.2e-16   62.0   4.7   1.6e-16   61.6   4.7   1.2   1   0   0   1   1   1   1 hypothetical protein M422DRAFT_277025 [Sphaerobolus stellatus SS14]
SST_KIJ53975.1       -          Hydrophobin          PF01185.19   1.3e-16   61.9   6.4     2e-16   61.3   6.4   1.3   1   0   0   1   1   1   1 hypothetical protein M422DRAFT_241239 [Sphaerobolus stellatus SS14]
SST_KIJ41343.1       -          Hydrophobin          PF01185.19   2.1e-16   61.2   2.5   3.2e-16   60.7   2.5   1.2   1   0   0   1   1   1   1 hypothetical protein M422DRAFT_255535 [Sphaerobolus stellatus SS14]
SST_KIJ32703.1       -          Hydrophobin          PF01185.19   4.2e-15   57.1   5.3   4.3e-15   57.0   4.0   1.6   2   0   0   2   2   1   1 hypothetical protein M422DRAFT_265462 [Sphaerobolus stellatus SS14]
SST_KIJ43890.1       -          Hydrophobin          PF01185.19   5.3e-15   56.7   0.6   6.5e-15   56.5   0.6   1.1   1   0   0   1   1   1   1 hypothetical protein M422DRAFT_169254, partial [Sphaerobolus stellatus SS14]
SST_KIJ22510.1       -          Hydrophobin          PF01185.19   1.1e-14   55.7   5.2   1.5e-14   55.3   5.2   1.2   1   0   0   1   1   1   1 hypothetical protein M422DRAFT_197095, partial [Sphaerobolus stellatus SS14]
SST_KIJ50777.1       -          Hydrophobin          PF01185.19   1.2e-14   55.6   4.0   1.3e-14   55.5   4.0   1.0   1   0   0   1   1   1   1 hypothetical protein M422DRAFT_27303 [Sphaerobolus stellatus SS14]
SST_KIJ25113.1       -          Hydrophobin          PF01185.19   5.6e-13   50.3   0.5   6.3e-13   50.1   0.5   1.0   1   0   0   1   1   1   1 hypothetical protein M422DRAFT_193853 [Sphaerobolus stellatus SS14]
SST_KIJ53977.1       -          Hydrophobin          PF01185.19   2.4e-12   48.3   2.1   2.7e-12   48.1   2.1   1.0   1   0   0   1   1   1   1 hypothetical protein M422DRAFT_153650, partial [Sphaerobolus stellatus SS14]
SST_KIJ32704.1       -          Hydrophobin          PF01185.19   8.9e-12   46.4   0.6   1.1e-11   46.2   0.6   1.0   1   0   0   1   1   1   1 hypothetical protein M422DRAFT_184162, partial [Sphaerobolus stellatus SS14]
SST_KIJ38673.1       -          Hydrophobin          PF01185.19   1.9e-11   45.3   4.0   2.6e-11   44.9   4.0   1.2   1   0   0   1   1   1   1 hypothetical protein M422DRAFT_258546 [Sphaerobolus stellatus SS14]
SST_KIJ48494.1       -          Hydrophobin          PF01185.19   4.6e-11   44.1   0.7   5.2e-11   44.0   0.7   1.0   1   0   0   1   1   1   1 hypothetical protein M422DRAFT_162714, partial [Sphaerobolus stellatus SS14]
SST_KIJ49237.1       -          Hydrophobin          PF01185.19   1.6e-10   42.4   0.1   1.9e-10   42.2   0.1   1.1   1   0   0   1   1   1   1 hypothetical protein M422DRAFT_247041 [Sphaerobolus stellatus SS14]
SST_KIJ43733.1       -          Hydrophobin          PF01185.19   5.9e-09   37.4   0.3   7.1e-09   37.1   0.3   1.1   1   0   0   1   1   1   1 hypothetical protein M422DRAFT_252980 [Sphaerobolus stellatus SS14]
SST_KIJ43882.1       -          Hydrophobin          PF01185.19     9e-08   33.6   0.5   1.5e-07   32.8   0.5   1.5   1   0   0   1   1   1   1 hypothetical protein M422DRAFT_228913 [Sphaerobolus stellatus SS14]
SST_KIJ22509.1       -          Hydrophobin          PF01185.19   2.5e-05   25.8   2.0     5e-05   24.8   2.0   1.6   1   0   0   1   1   1   1 hypothetical protein M422DRAFT_197093, partial [Sphaerobolus stellatus SS14]
SST_KIJ50779.1       -          Hydrophobin          PF01185.19   4.6e-05   24.9   0.6     6e-05   24.5   0.6   1.2   1   0   0   1   1   1   1 hypothetical protein M422DRAFT_159500, partial [Sphaerobolus stellatus SS14]
SST_KIJ54660.1       -          Hydrophobin          PF01185.19   0.00017   23.1   0.6   0.00029   22.3   0.6   1.3   1   0   0   1   1   1   1 hypothetical protein M422DRAFT_63932 [Sphaerobolus stellatus SS14]
SST_KIJ27070.1       -          Hydrophobin          PF01185.19    0.0022   19.5   0.3     0.003   19.1   0.3   1.2   1   0   0   1   1   1   1 hypothetical protein M422DRAFT_191445, partial [Sphaerobolus stellatus SS14]
SST_KIJ51859.1       -          Hydrophobin          PF01185.19    0.0022   19.5   0.3     0.003   19.1   0.3   1.2   1   0   0   1   1   1   1 hypothetical protein M422DRAFT_157781, partial [Sphaerobolus stellatus SS14]
SST_KIJ29993.1       -          Hydrophobin          PF01185.19    0.0024   19.4   0.0    0.0038   18.8   0.0   1.3   1   0   0   1   1   1   1 hypothetical protein M422DRAFT_268559 [Sphaerobolus stellatus SS14]
SST_KIJ28306.1       -          Hydrophobin          PF01185.19    0.0025   19.4   0.1    0.0052   18.3   0.0   1.5   1   1   1   2   2   1   1 hypothetical protein M422DRAFT_270453 [Sphaerobolus stellatus SS14]
SST_KIJ43880.1       -          Hydrophobin          PF01185.19    0.0072   17.9   0.1     0.013   17.1   0.0   1.4   1   1   0   1   1   1   1 hypothetical protein M422DRAFT_252799 [Sphaerobolus stellatus SS14]
SST_KIJ47617.1       -          Hydrophobin          PF01185.19     0.035   15.7   0.1       0.1   14.2   0.1   1.8   1   0   0   1   1   1   0 hypothetical protein M422DRAFT_248618 [Sphaerobolus stellatus SS14]
SST_KIJ24675.1       -          Hydrophobin_2        PF06766.12       0.1   13.5   0.1      0.18   12.7   0.1   1.3   1   0   0   1   1   1   0 hypothetical protein M422DRAFT_194394, partial [Sphaerobolus stellatus SS14]
#
# Program:         hmmsearch
# Version:         3.1b2 (February 2015)
# Pipeline mode:   SEARCH
# Query file:      ../Profiles/Hydrophobins.hmm
# Target file:     renamed/SST.faa
# Option settings: hmmsearch --tblout renamed_out/SST_pfam.out ../Profiles/Hydrophobins.hmm renamed/SST.faa 
# Current dir:     /Users/brianlovett/Desktop/Hydrophobin Survey/Proteomes
# Date:            Tue Mar 22 10:09:44 2022
# [ok]
