#                                                               --- full sequence ---- --- best 1 domain ---- --- domain number estimation ----
# target name        accession  query name           accession    E-value  score  bias   E-value  score  bias   exp reg clu  ov env dom rep inc description of target
#------------------- ---------- -------------------- ---------- --------- ------ ----- --------- ------ -----   --- --- --- --- --- --- --- --- ---------------------
TMA_KAF8235005.1     -          Hydrophobin          PF01185.19   1.3e-26   93.4   9.6   1.5e-26   93.2   9.6   1.0   1   0   0   1   1   1   1 hydrophobin [Tricholoma matsutake 945]
TMA_KAF8228375.1     -          Hydrophobin          PF01185.19   2.5e-23   82.8  12.1     3e-23   82.6  12.1   1.1   1   0   0   1   1   1   1 hydrophobin [Tricholoma matsutake 945]
TMA_KAF8236276.1     -          Hydrophobin          PF01185.19   6.3e-22   78.3   9.7   7.1e-22   78.2   9.7   1.0   1   0   0   1   1   1   1 hypothetical protein L208DRAFT_1252927, partial [Tricholoma matsutake 945]
TMA_KAF8241131.1     -          Hydrophobin          PF01185.19   2.9e-21   76.2   8.2   3.8e-21   75.8   8.2   1.1   1   0   0   1   1   1   1 fungal hydrophobin [Tricholoma matsutake 945]
TMA_KAF8239593.1     -          Hydrophobin          PF01185.19   4.3e-15   56.5  11.8   5.5e-15   56.1  11.8   1.1   1   0   0   1   1   1   1 fungal hydrophobin [Tricholoma matsutake 945]
TMA_KAF8241160.1     -          Hydrophobin          PF01185.19   6.5e-14   52.7   5.4     1e-13   52.1   5.4   1.3   1   0   0   1   1   1   1 hypothetical protein L208DRAFT_1383622 [Tricholoma matsutake 945]
TMA_KAF8228349.1     -          Hydrophobin          PF01185.19   3.6e-13   50.3  11.2   4.3e-13   50.0  11.2   1.1   1   0   0   1   1   1   1 fungal hydrophobin [Tricholoma matsutake 945]
TMA_KAF8228350.1     -          Hydrophobin          PF01185.19   5.6e-13   49.7   4.9   6.5e-13   49.5   4.7   1.3   1   1   0   1   1   1   1 hypothetical protein L208DRAFT_254042 [Tricholoma matsutake 945]
#
# Program:         hmmsearch
# Version:         3.1b2 (February 2015)
# Pipeline mode:   SEARCH
# Query file:      ../Profiles/Hydrophobins.hmm
# Target file:     renamed/TMA.faa
# Option settings: hmmsearch --tblout renamed_out/TMA_pfam.out ../Profiles/Hydrophobins.hmm renamed/TMA.faa 
# Current dir:     /Users/brianlovett/Desktop/Hydrophobin Survey/Proteomes
# Date:            Tue Mar 22 10:09:44 2022
# [ok]
